\BOOKMARK [0][-]{chapter*.1}{\376\377\000L\036\335\000i\000\040\000m\036\337\000\040\001\021\036\247\000u}{}% 1
\BOOKMARK [0][-]{chapter*.2}{\376\377\000L\036\335\000i\000\040\000c\036\243\000m\000\040\001\241\000n}{}% 2
\BOOKMARK [0][-]{chapter*.3}{\376\377\000D\000a\000n\000h\000\040\000s\000\341\000c\000h\000\040\000h\000\354\000n\000h\000\040\000v\036\275}{}% 3
\BOOKMARK [0][-]{chapter.1}{\376\377\000G\000i\036\333\000i\000\040\000t\000h\000i\036\307\000u\000\040\000v\036\301\000\040\000c\000\364\000n\000g\000\040\000n\000g\000h\036\307\000\040\000C\000o\000n\000t\000a\000i\000n\000e\000r\000\040\000v\000\340\000\040\000k\000i\036\277\000n\000\040\000t\000r\000\372\000c\000\040\000M\000i\000c\000r\000o\000s\000e\000r\000v\000i\000c\000e\000s}{}% 4
\BOOKMARK [1][-]{section.1.1}{\376\377\000G\000i\036\333\000i\000\040\000t\000h\000i\036\307\000u\000\040\000v\036\301\000\040\000c\000\364\000n\000g\000\040\000n\000g\000h\036\307\000\040\000C\000o\000n\000t\000a\000i\000n\000e\000r}{chapter.1}% 5
\BOOKMARK [2][-]{subsection.1.1.1}{\376\377\000H\000i\036\303\000u\000\040\000v\036\301\000\040\000c\000\364\000n\000g\000\040\000n\000g\000h\036\307\000\040\000C\000o\000n\000t\000a\000i\000n\000e\000r}{section.1.1}% 6
\BOOKMARK [2][-]{subsection.1.1.2}{\376\377\000C\000o\000n\000t\000a\000i\000n\000e\000r\000\040\000v\000\340\000\040\000M\000\341\000y\000\040\036\243\000o}{section.1.1}% 7
\BOOKMARK [2][-]{subsection.1.1.3}{\376\377\001\020\036\267\000c\000\040\001\021\000i\036\303\000m\000\040\000k\036\371\000\040\000t\000h\000u\036\255\000t\000\040\000c\036\347\000a\000\040\000C\000o\000n\000t\000a\000i\000n\000e\000r}{section.1.1}% 8
\BOOKMARK [2][-]{subsection.1.1.4}{\376\377\036\350\000n\000g\000\040\000d\036\345\000n\000g\000\040\000c\036\347\000a\000\040\000C\000o\000n\000t\000a\000i\000n\000e\000r\000\040\000t\000r\000o\000n\000g\000\040\000t\000h\036\361\000c\000\040\000t\036\277}{section.1.1}% 9
\BOOKMARK [2][-]{subsection.1.1.5}{\376\377\000V\036\301\000\040\000C\000o\000n\000t\000a\000i\000n\000e\000r\000i\000z\000a\000t\000i\000o\000n}{section.1.1}% 10
\BOOKMARK [2][-]{subsection.1.1.6}{\376\377\000N\000h\036\357\000n\000g\000\040\000t\000h\000\341\000c\000h\000\040\000t\000h\036\351\000c\000\040\000t\000r\000o\000n\000g\000\040\000v\000i\036\307\000c\000\040\000s\036\355\000\040\000d\036\345\000n\000g\000\040\000C\000o\000n\000t\000a\000i\000n\000e\000r}{section.1.1}% 11
\BOOKMARK [1][-]{section.1.2}{\376\377\000G\000i\036\333\000i\000\040\000t\000h\000i\036\307\000u\000\040\000v\036\301\000\040\000k\000i\036\277\000n\000\040\000t\000r\000\372\000c\000\040\000M\000i\000c\000r\000o\000s\000e\000r\000v\000i\000c\000e\000s}{chapter.1}% 12
\BOOKMARK [2][-]{subsection.1.2.1}{\376\377\000K\000h\000\341\000i\000\040\000n\000i\036\307\000m\000\040\000M\000i\000c\000r\000o\000s\000e\000r\000v\000i\000c\000e\000s}{section.1.2}% 13
\BOOKMARK [2][-]{subsection.1.2.2}{\376\377\000N\000h\036\357\000n\000g\000\040\001\021\036\267\000c\000\040\001\021\000i\036\303\000m\000\040\000c\036\347\000a\000\040\000M\000i\000c\000r\000o\000s\000e\000r\000v\000i\000c\000e\000s}{section.1.2}% 14
\BOOKMARK [2][-]{subsection.1.2.3}{\376\377\001\257\000u\000\040\001\021\000i\036\303\000m\000\040\000c\036\347\000a\000\040\000M\000i\000c\000r\000o\000s\000e\000r\000v\000i\000c\000e\000s}{section.1.2}% 15
\BOOKMARK [2][-]{subsection.1.2.4}{\376\377\000C\000\341\000c\000\040\000n\000h\001\260\036\343\000c\000\040\001\021\000i\036\303\000m\000\040\000c\036\347\000a\000\040\000k\000i\036\277\000n\000\040\000t\000r\000\372\000c\000\040\000M\000i\000c\000r\000o\000s\000e\000r\000v\000i\000c\000e}{section.1.2}% 16
\BOOKMARK [2][-]{subsection.1.2.5}{\376\377\000N\000h\036\357\000n\000g\000\040\000y\000\352\000u\000\040\000c\036\247\000u\000\040\000b\036\257\000t\000\040\000b\000u\036\331\000c\000\040\000k\000h\000i\000\040\000p\000h\000\341\000t\000\040\000t\000r\000i\036\303\000n\000\040\000p\000h\036\247\000n\000\040\000m\036\301\000m\000\040\000t\000h\000e\000o\000\040\000k\000i\036\277\000n\000\040\000t\000r\000\372\000c\000\040\000M\000i\000c\000r\000o\000s\000e\000r\000v\000i\000c\000e}{section.1.2}% 17
\BOOKMARK [1][-]{section.1.3}{\376\377\000G\000i\036\333\000i\000\040\000t\000h\000i\036\307\000u\000\040\000v\036\301\000\040\000K\000u\000b\000e\000r\000n\000e\000t\000e\000s}{chapter.1}% 18
\BOOKMARK [2][-]{subsection.1.3.1}{\376\377\000K\000i\036\277\000n\000\040\000t\000r\000\372\000c\000\040\000c\036\347\000a\000\040\000K\000u\000b\000e\000r\000n\000e\000t\000e\000s}{section.1.3}% 19
\BOOKMARK [2][-]{subsection.1.3.2}{\376\377\000T\036\325\000n\000g\000\040\000q\000u\000a\000n\000\040\000v\036\301\000\040\000P\000o\000d}{section.1.3}% 20
\BOOKMARK [2][-]{subsection.1.3.3}{\376\377\000V\000\362\000n\000g\000\040\001\021\036\335\000i\000\040\000c\036\347\000a\000\040\000P\000o\000d}{section.1.3}% 21
\BOOKMARK [2][-]{subsection.1.3.4}{\376\377\000Q\000u\036\243\000n\000\040\000l\000\355\000\040\000p\000o\000d\000\040\000b\036\261\000n\000g\000\040\000W\000o\000r\000k\000l\000o\000a\000d\000\040\000t\000r\000\352\000n\000\040\000K\000u\000b\000e\000r\000n\000e\000t\000e\000s}{section.1.3}% 22
\BOOKMARK [1][-]{section.1.4}{\376\377\000M\036\331\000t\000\040\000s\036\321\000\040\000v\036\245\000n\000\040\001\021\036\301\000\040\000b\036\243\000o\000\040\000m\036\255\000t\000\040\000k\000i\036\277\000n\000\040\000t\000r\000\372\000c\000\040\000M\000i\000c\000r\000o\000s\000e\000r\000v\000i\000c\000e\000s}{chapter.1}% 23
\BOOKMARK [2][-]{subsection.1.4.1}{\376\377\000C\000\340\000n\000g\000\040\000n\000h\000i\036\301\000u\000\040\000m\000i\000c\000r\000o\000s\000e\000r\000v\000i\000c\000e\000s\000\040\000t\000h\000\354\000\040\000n\000g\000u\000y\000\040\000c\001\241\000\040\000b\036\313\000\040\000t\036\245\000n\000\040\000c\000\364\000n\000g\000\040\000c\000\340\000n\000g\000\040\000c\000a\000o}{section.1.4}% 24
\BOOKMARK [2][-]{subsection.1.4.2}{\376\377\000K\000i\036\303\000m\000\040\000t\000r\000a\000\040\000b\036\243\000o\000\040\000m\036\255\000t\000\040\000p\000h\000\342\000n\000\040\000t\000\341\000n\000\040\000c\000\363\000\040\000t\000h\036\303\000\040\000d\036\253\000n\000\040\001\021\036\277\000n\000\040\000h\000i\036\307\000u\000\040\000s\000u\036\245\000t\000\040\000g\000i\036\243\000m}{section.1.4}% 25
\BOOKMARK [2][-]{subsection.1.4.3}{\376\377\000S\036\361\000\040\000p\000h\036\351\000c\000\040\000t\036\241\000p\000\040\000k\000h\000i\000\040\000t\000r\000i\036\303\000n\000\040\000k\000h\000a\000i\000\040\000x\000\341\000c\000\040\000t\000h\036\361\000c\000\040\000k\000h\036\337\000i\000\040\001\021\036\331\000n\000g\000\040\000g\000i\036\357\000a\000\040\000c\000\341\000c\000\040\000m\000i\000c\000r\000o\000s\000e\000r\000v\000i\000c\000e\000s}{section.1.4}% 26
\BOOKMARK [2][-]{subsection.1.4.4}{\376\377\000K\000h\000\363\000\040\000t\000h\000e\000o\000\040\000d\000\365\000i\000\040\000c\000\341\000c\000\040\000r\000e\000q\000u\000e\000s\000t\000\040\000c\036\347\000a\000\040\000c\000\341\000c\000\040\000m\000i\000c\000r\000o\000s\000e\000r\000v\000i\000c\000e}{section.1.4}% 27
\BOOKMARK [2][-]{subsection.1.4.5}{\376\377\000T\000\355\000n\000h\000\040\000b\036\245\000t\000\040\000b\000i\036\277\000n\000\040\000c\036\347\000a\000\040\000c\000o\000n\000t\000a\000i\000n\000e\000r\000\040\000l\000\340\000m\000\040\000v\000i\036\307\000c\000\040\000x\000\341\000c\000\040\000t\000h\036\361\000c\000\040\000v\000\340\000\040\000c\000h\000\355\000n\000h\000\040\000s\000\341\000c\000h\000\040\000k\000i\036\303\000m\000\040\000s\000o\000\341\000t\000\040\000t\000r\000u\000y\000\040\000c\036\255\000p\000\040\000c\036\347\000a\000\040\000c\000\341\000c\000\040\000d\036\313\000c\000h\000\040\000v\036\345\000\040\000k\000h\000\363\000\040\000k\000h\001\003\000n}{section.1.4}% 28
\BOOKMARK [2][-]{subsection.1.4.6}{\376\377\000K\000i\036\277\000n\000\040\000t\000r\000\372\000c\000\040\001\021\000a\000\040\000n\000g\000\364\000n\000\040\000n\000g\036\357\000\040\001\021\000\362\000i\000\040\000h\036\317\000i\000\040\000c\000\341\000c\000\040\000d\000e\000v\000e\000l\000o\000p\000e\000r\000\040\000p\000h\036\243\000i\000\040\000c\000\363\000\040\000t\000h\000\352\000m\000\040\000n\000h\000i\036\301\000u\000\040\000k\000i\036\277\000n\000\040\000t\000h\036\351\000c\000\040\000b\036\243\000o\000\040\000m\036\255\000t\000\040\000h\001\241\000n}{section.1.4}% 29
\BOOKMARK [0][-]{chapter.2}{\376\377\000T\036\325\000n\000g\000\040\000q\000u\000a\000n\000\040\000v\036\301\000\040\000I\000s\000t\000i\000o}{}% 30
\BOOKMARK [1][-]{section.2.1}{\376\377\000T\036\325\000n\000g\000\040\000q\000u\000a\000n\000\040\000v\036\301\000\040\000I\000s\000t\000i\000o}{chapter.2}% 31
\BOOKMARK [2][-]{subsection.2.1.1}{\376\377\000T\036\325\000n\000g\000\040\000q\000u\000a\000n\000\040\000v\036\301\000\040\000S\000e\000r\000v\000i\000c\000e\000\040\000M\000e\000s\000h}{section.2.1}% 32
\BOOKMARK [2][-]{subsection.2.1.2}{\376\377\000K\000i\036\277\000n\000\040\000t\000r\000\372\000c\000\040\000c\036\347\000a\000\040\000I\000s\000t\000i\000o}{section.2.1}% 33
\BOOKMARK [2][-]{subsection.2.1.3}{\376\377\000T\036\325\000n\000g\000\040\000q\000u\000a\000n\000\040\000v\036\301\000\040\000E\000n\000v\000o\000y\000\040\000P\000r\000o\000x\000y}{section.2.1}% 34
\BOOKMARK [1][-]{section.2.2}{\376\377\000Q\000u\036\243\000n\000\040\000l\000\375\000\040\000m\036\241\000n\000g\000\040\000g\000i\036\357\000a\000\040\000c\000\341\000c\000\040\000M\000i\000c\000r\000o\000s\000e\000r\000v\000i\000c\000e\000s\000\040\000v\036\333\000i\000\040\000I\000s\000t\000i\000o}{chapter.2}% 35
\BOOKMARK [2][-]{subsection.2.2.1}{\376\377\000T\036\325\000n\000g\000\040\000q\000u\000a\000n\000\040\000v\036\301\000\040\000I\000s\000t\000i\000o\000\040\000I\000n\000g\000r\000e\000s\000s\000\040\000G\000a\000t\000e\000w\000a\000y}{section.2.2}% 36
\BOOKMARK [2][-]{subsection.2.2.2}{\376\377\001\020\036\313\000n\000h\000\040\000t\000u\000y\036\277\000n\000\040\000t\000r\000o\000n\000g\000\040\000I\000s\000t\000i\000o}{section.2.2}% 37
\BOOKMARK [2][-]{subsection.2.2.3}{\376\377\000G\000i\036\243\000i\000\040\000q\000u\000y\036\277\000t\000\040\000c\000\341\000c\000\040\000v\036\245\000n\000\040\001\021\036\301\000\040\000v\036\301\000\040\000m\036\241\000n\000g\000\040\000t\000r\000o\000n\000g\000\040\000M\000i\000c\000r\000o\000s\000e\000r\000v\000i\000c\000e\000s}{section.2.2}% 38
\BOOKMARK [1][-]{section.2.3}{\376\377\000G\000i\000\341\000m\000\040\000s\000\341\000t\000\040\000c\000\341\000c\000\040\000M\000i\000c\000r\000o\000s\000e\000r\000v\000i\000c\000e\000s\000\040\000v\036\333\000i\000\040\000I\000s\000t\000i\000o}{chapter.2}% 39
\BOOKMARK [2][-]{subsection.2.3.1}{\376\377\000C\000\341\000c\000h\000\040\000I\000s\000t\000i\000o\000\040\000G\000i\000\341\000m\000\040\000s\000\341\000t\000\040\000c\000\341\000c\000\040\000l\001\260\000u\000\040\000l\001\260\036\343\000n\000g\000\040\000m\036\241\000n\000g}{section.2.3}% 40
\BOOKMARK [2][-]{subsection.2.3.2}{\376\377\000T\000h\000e\000o\000\040\000d\000\365\000i\000\040\000p\000h\000\342\000n\000\040\000t\000\341\000n\000\040\000v\036\333\000i\000\040\000I\000s\000t\000i\000o}{section.2.3}% 41
\BOOKMARK [1][-]{section.2.4}{\376\377\000B\036\243\000o\000\040\000m\036\255\000t\000\040\000c\000\341\000c\000\040\000M\000i\000c\000r\000o\000s\000e\000r\000v\000i\000c\000e\000s\000\040\000b\036\261\000n\000g\000\040\000I\000s\000t\000i\000o}{chapter.2}% 42
\BOOKMARK [2][-]{subsection.2.4.1}{\376\377\000X\000\341\000c\000\040\000t\000h\036\361\000c\000\040\000g\000i\036\357\000a\000\040\000c\000\341\000c\000\040\000M\000i\000c\000r\000o\000s\000e\000r\000v\000i\000c\000e\000s\000\040\000v\036\333\000i\000\040\000I\000s\000t\000i\000o}{section.2.4}% 43
\BOOKMARK [2][-]{subsection.2.4.2}{\376\377\000P\000h\000\342\000n\000\040\000q\000u\000y\036\301\000n\000\040\000c\000h\000o\000\040\000c\000\341\000c\000\040\000M\000i\000c\000r\000o\000s\000e\000r\000v\000i\000c\000e\000s\000\040\000v\036\333\000i\000\040\000I\000s\000t\000i\000o}{section.2.4}% 44
\BOOKMARK [0][-]{chapter.3}{\376\377\000T\000r\000i\036\303\000n\000\040\000k\000h\000a\000i\000\040\000I\000s\000t\000i\000o\000\040\000t\000r\000\352\000n\000\040\000K\000u\000b\000e\000r\000n\000e\000t\000e\000s}{}% 45
\BOOKMARK [1][-]{section.3.1}{\376\377\000M\000\364\000\040\000h\000\354\000n\000h\000\040\000t\000r\000i\036\303\000n\000\040\000k\000h\000a\000i}{chapter.3}% 46
\BOOKMARK [1][-]{section.3.2}{\376\377\000K\036\313\000c\000h\000\040\000b\036\243\000n\000\040\000t\000r\000i\036\303\000n\000\040\000k\000h\000a\000i}{chapter.3}% 47
\BOOKMARK [1][-]{section.3.3}{\376\377\000T\000h\036\361\000c\000\040\000n\000g\000h\000i\036\307\000m}{chapter.3}% 48
\BOOKMARK [1][-]{section.3.4}{\376\377\000K\036\277\000t\000\040\000l\000u\036\255\000n}{chapter.3}% 49
